2024-06-19 17:34:30,884 - ’â~Steam Clicker
2024-06-19 17:39:30,055 - \u542f\u52a8Steam Clicker
2024-06-19 17:39:30,061 - ‘Å\u5f00Steam’ö˜
2024-06-19 17:39:40,063 - Q“âxŒû: Banana
2024-06-19 17:39:40,063 - Q“âxŒû: pythonProject \u2013 BananaClicker.py
2024-06-19 17:39:40,066 - Q“âxŒû: Banana
2024-06-19 17:39:40,068 - Ù–@«âxŒû’u˜°‘O‘ä: (0, 'SetForegroundWindow', 'No error message is available')
2024-06-19 17:39:41,071 - Ù–@«âxŒû’u˜°‘O‘ä: (0, 'SetForegroundWindow', 'No error message is available')
2024-06-19 17:39:42,072 - Ù–@«âxŒû’u˜°‘O‘ä: (0, 'SetForegroundWindow', 'No error message is available')
2024-06-19 17:39:43,072 - Ù–@«âxŒû’u˜°‘O‘ä: (0, 'SetForegroundWindow', 'No error message is available')
2024-06-19 17:39:44,073 - Ù–@«âxŒû’u˜°‘O‘ä: (0, 'SetForegroundWindow', 'No error message is available')
2024-06-19 17:39:45,258 - –Í\u62df‘l\u6807“_\u51fbâxŒû’†‰›
2024-06-19 17:39:50,266 - \u5173\u95edSteam’ö˜
2024-06-19 17:39:50,266 - “™‘Ò 10800.0 •b@ÄŸ\u6267s
2024-06-19 17:42:05,999 - \u542f\u52a8Steam Clicker
2024-06-19 17:42:06,004 - ‘Å\u5f00Steam’ö˜
2024-06-19 17:42:16,041 - Q“âxŒû: Banana
2024-06-19 17:42:16,052 - Q“âxŒû: Banana
2024-06-19 17:42:16,174 - –Í\u62df‘l\u6807“_\u51fbâxŒû’†‰›
2024-06-19 17:42:21,215 - \u5173\u95edSteam’ö˜
2024-06-19 17:42:21,232 - “™‘Ò 10800.0 •b@ÄŸ\u6267s
2024-06-19 17:45:23,505 - 2024-06-19 17:45:23 - ’â~Steam Clicker
2024-06-19 17:45:37,944 - 2024-06-19 17:45:37 - ’â~Steam Clicker
2024-06-19 17:45:47,390 - 2024-06-19 17:45:47 - \u542f\u52a8Steam Clicker
2024-06-19 17:45:47,395 - 2024-06-19 17:45:47 - ‘Å\u5f00Steam’ö˜
2024-06-19 17:45:57,414 - 2024-06-19 17:45:57 - \u5c1d\u8bd5\u83b7æâxŒû...
2024-06-19 17:45:58,436 - 2024-06-19 17:45:58 - \u5c1d\u8bd5\u83b7æâxŒû...
2024-06-19 17:45:59,438 - 2024-06-19 17:45:59 - \u5c1d\u8bd5\u83b7æâxŒû...
2024-06-19 17:46:00,444 - 2024-06-19 17:46:00 - \u5c1d\u8bd5\u83b7æâxŒû...
2024-06-19 17:46:01,445 - 2024-06-19 17:46:01 - \u5c1d\u8bd5\u83b7æâxŒû...
2024-06-19 17:46:02,451 - 2024-06-19 17:46:02 - \u5c1d\u8bd5\u83b7æâxŒû...
2024-06-19 17:46:03,460 - 2024-06-19 17:46:03 - \u5c1d\u8bd5\u83b7æâxŒû...
2024-06-19 17:46:04,466 - 2024-06-19 17:46:04 - \u5c1d\u8bd5\u83b7æâxŒû...
2024-06-19 17:46:05,473 - 2024-06-19 17:46:05 - \u5c1d\u8bd5\u83b7æâxŒû...
2024-06-19 17:46:06,476 - 2024-06-19 17:46:06 - \u5c1d\u8bd5\u83b7æâxŒû...
2024-06-19 17:46:07,487 - 2024-06-19 17:46:07 - –¢Q“banana.exeâxŒû
2024-06-19 17:46:07,498 - 2024-06-19 17:46:07 - “™‘Ò 3600.0 •b@ÄŸ\u6267s
2024-06-19 17:50:56,620 - 2024-06-19 17:50:56 - \u542f\u52a8Steam Clicker
2024-06-19 17:50:56,626 - 2024-06-19 17:50:56 - ‘Å\u5f00Steam’ö˜
2024-06-19 17:51:06,631 - 2024-06-19 17:51:06 - Q“âxŒû: Banana
2024-06-19 17:51:06,634 - 2024-06-19 17:51:06 - Q“âxŒû: Banana
2024-06-19 17:51:06,754 - 2024-06-19 17:51:06 - –Í\u62df‘l\u6807“_\u51fbâxŒû’†‰›
2024-06-19 17:51:11,788 - 2024-06-19 17:51:11 - \u5173\u95edSteam’ö˜
2024-06-19 17:51:11,799 - 2024-06-19 17:51:11 - “™‘Ò 10800.0 •b@ÄŸ\u6267s
2024-06-19 17:51:17,668 - 2024-06-19 17:51:17 - ’â~Steam Clicker
2024-06-19 18:15:45,901 - 2024-06-19 18:15:45 - \u542f\u52a8Steam Clicker
2024-06-19 18:15:45,906 - 2024-06-19 18:15:45 - ‘Å\u5f00Steam’ö˜
2024-06-19 18:15:55,917 - 2024-06-19 18:15:55 - Q“âxŒû: Banana
2024-06-19 18:15:55,917 - 2024-06-19 18:15:55 - Q“âxŒû: Banana
2024-06-19 18:15:56,032 - 2024-06-19 18:15:56 - –Í\u62df‘l\u6807“_\u51fbâxŒû’†‰›
2024-06-19 18:16:01,054 - 2024-06-19 18:16:01 - \u5173\u95edSteam’ö˜
2024-06-19 18:16:01,064 - 2024-06-19 18:16:01 - “™‘Ò 3600.0 •b@ÄŸ\u6267s
2024-06-19 18:16:04,701 - 2024-06-19 18:16:04 - ’â~Steam Clicker
2024-06-19 18:16:07,669 - 2024-06-19 18:16:07 - \u542f\u52a8Steam Clicker
2024-06-19 18:16:07,671 - 2024-06-19 18:16:07 - ‘Å\u5f00Steam’ö˜
2024-06-19 18:16:17,680 - 2024-06-19 18:16:17 - Q“âxŒû: Banana
2024-06-19 18:16:17,688 - 2024-06-19 18:16:17 - Q“âxŒû: Banana
2024-06-19 18:16:17,806 - 2024-06-19 18:16:17 - –Í\u62df‘l\u6807“_\u51fbâxŒû’†‰›
2024-06-19 18:16:22,872 - 2024-06-19 18:16:22 - \u5173\u95edSteam’ö˜
2024-06-19 18:16:22,880 - 2024-06-19 18:16:22 - “™‘Ò 36.0 •b@ÄŸ\u6267s
2024-06-19 18:16:25,029 - 2024-06-19 18:16:25 - ’â~Steam Clicker
2024-06-19 18:35:07,510 - 2024-06-19 18:35:07 - \u542f\u52a8Steam Clicker
2024-06-19 18:35:07,515 - 2024-06-19 18:35:07 - ‘Å\u5f00Steam’ö˜
2024-06-19 18:35:26,200 - 2024-06-19 18:35:26 - \u542f\u52a8Steam Clicker
2024-06-19 18:35:26,204 - 2024-06-19 18:35:26 - ‘Å\u5f00Steam’ö˜
2024-06-19 18:35:36,211 - 2024-06-19 18:35:36 - Q“âxŒû: Banana
2024-06-19 18:35:36,325 - 2024-06-19 18:35:36 - –Í\u62df‘l\u6807“_\u51fbâxŒû’†‰›
2024-06-19 18:35:41,348 - 2024-06-19 18:35:41 - \u5173\u95edSteam’ö˜
2024-06-19 18:35:41,357 - 2024-06-19 18:35:41 - “™‘Ò 3600.0 •b@ÄŸ\u6267s
2024-06-19 18:35:43,705 - 2024-06-19 18:35:43 - ’â~Steam Clicker
2024-06-19 18:35:55,283 - 2024-06-19 18:35:55 - ’â~Steam Clicker
