2024-06-19 18:39:56,911 - 2024-06-19 18:39:56 - ’â~Steam Clicker
2024-06-19 18:40:47,624 - 2024-06-19 18:40:47 - \u542f\u52a8Steam Clicker
2024-06-19 18:40:47,629 - 2024-06-19 18:40:47 - ‘Å\u5f00Steam’ö˜
2024-06-19 18:40:57,640 - 2024-06-19 18:40:57 - Q“âxŒû: Banana
2024-06-19 18:40:57,755 - 2024-06-19 18:40:57 - –Í\u62df‘l\u6807“_\u51fbâxŒû’†‰›
2024-06-19 18:41:02,779 - 2024-06-19 18:41:02 - \u5173\u95edSteam’ö˜
2024-06-19 18:41:02,784 - 2024-06-19 18:41:02 - “™‘Ò 10800.0 •b@ÄŸ\u6267s
2024-06-19 18:41:04,929 - 2024-06-19 18:41:04 - ’â~Steam Clicker
2024-06-19 18:41:05,800 - 2024-06-19 18:41:05 - \u542f\u52a8Steam Clicker
2024-06-19 18:41:05,802 - 2024-06-19 18:41:05 - ‘Å\u5f00Steam’ö˜
2024-06-19 18:41:15,812 - 2024-06-19 18:41:15 - Q“âxŒû: Banana
2024-06-19 18:41:15,926 - 2024-06-19 18:41:15 - –Í\u62df‘l\u6807“_\u51fbâxŒû’†‰›
2024-06-19 18:41:20,935 - 2024-06-19 18:41:20 - \u5173\u95edSteam’ö˜
2024-06-19 18:43:01,223 - 2024-06-19 18:43:01 - \u542f\u52a8Steam Clicker
2024-06-19 18:43:01,232 - 2024-06-19 18:43:01 - ‘Å\u5f00Banana’ö˜
2024-06-19 18:43:06,235 - 2024-06-19 18:43:06 - Q“âxŒû: Banana
2024-06-19 18:43:06,357 - 2024-06-19 18:43:06 - –Í\u62df‘l\u6807“_\u51fbâxŒû’†‰›
2024-06-19 18:43:11,366 - 2024-06-19 18:43:11 - \u5173\u95edBanana’ö˜
2024-06-19 18:43:11,369 - 2024-06-19 18:43:11 - “™‘Ò 3600.0 •b@ÄŸ\u6267s
2024-06-19 18:43:13,207 - 2024-06-19 18:43:13 - ’â~Steam Clicker
2024-06-19 18:43:17,490 - 2024-06-19 18:43:17 - ’â~Steam Clicker
